#-----------------------------------------------------------
# Vivado v2019.1 (64-bit)
# SW Build 2552052 on Fri May 24 14:47:09 MDT 2019
# IP Build 2548770 on Fri May 24 18:01:18 MDT 2019
# Start of session at: Sat Aug 20 00:28:39 2022
# Process ID: 14164
# Current directory: /home/jesudara/Desktop/FPGA_projects
# Command line: vivado
# Log file: /home/jesudara/Desktop/FPGA_projects/vivado.log
# Journal file: /home/jesudara/Desktop/FPGA_projects/vivado.jou
#-----------------------------------------------------------
start_gui
WARNING: [Board 49-26] cannot add Board Part xilinx.com:vcu129:part0:1.0 available at /home/jesudara/.Xilinx/Vivado/2019.1/xhub/board_store/XilinxBoardStore/Vivado/2019.1/boards/Xilinx/vcu129/production/1.0/1.0/board.xml as part xcvu29p-fsga2577-2l-e specified in board_part file is either invalid or not available
WARNING: [Board 49-26] cannot add Board Part xilinx.com:vcu129:part0:1.0 available at /home/jesudara/.Xilinx/Vivado/2019.1/xhub/board_store/XilinxBoardStore/Vivado/2019.1/boards/Xilinx/vcu129/production/1.0/1.0/board.xml as part xcvu29p-fsga2577-2l-e specified in board_part file is either invalid or not available
WARNING: [Board 49-26] cannot add Board Part xilinx.com:vcu129:part0:1.0 available at /home/jesudara/.Xilinx/Vivado/2019.1/xhub/board_store/XilinxBoardStore/Vivado/2019.1/boards/Xilinx/vcu129/production/1.0/1.0/board.xml as part xcvu29p-fsga2577-2l-e specified in board_part file is either invalid or not available
WARNING: [Board 49-26] cannot add Board Part xilinx.com:vcu129:part0:1.0 available at /home/jesudara/.Xilinx/Vivado/2019.1/xhub/board_store/XilinxBoardStore/Vivado/2019.1/boards/Xilinx/vcu129/production/1.0/1.0/board.xml as part xcvu29p-fsga2577-2l-e specified in board_part file is either invalid or not available
WARNING: [Board 49-26] cannot add Board Part xilinx.com:vcu129:part0:1.0 available at /home/jesudara/.Xilinx/Vivado/2019.1/xhub/board_store/XilinxBoardStore/Vivado/2019.1/boards/Xilinx/vcu129/production/1.0/1.0/board.xml as part xcvu29p-fsga2577-2l-e specified in board_part file is either invalid or not available
WARNING: [Board 49-26] cannot add Board Part xilinx.com:vcu129:part0:1.0 available at /home/jesudara/.Xilinx/Vivado/2019.1/xhub/board_store/XilinxBoardStore/Vivado/2019.1/boards/Xilinx/vcu129/production/1.0/1.0/board.xml as part xcvu29p-fsga2577-2l-e specified in board_part file is either invalid or not available
WARNING: [Board 49-26] cannot add Board Part xilinx.com:vcu129:part0:1.0 available at /home/jesudara/.Xilinx/Vivado/2019.1/xhub/board_store/XilinxBoardStore/Vivado/2019.1/boards/Xilinx/vcu129/production/1.0/1.0/board.xml as part xcvu29p-fsga2577-2l-e specified in board_part file is either invalid or not available
WARNING: [Board 49-26] cannot add Board Part xilinx.com:vcu129:part0:1.0 available at /home/jesudara/.Xilinx/Vivado/2019.1/xhub/board_store/XilinxBoardStore/Vivado/2019.1/boards/Xilinx/vcu129/production/1.0/1.0/board.xml as part xcvu29p-fsga2577-2l-e specified in board_part file is either invalid or not available
WARNING: [Board 49-26] cannot add Board Part xilinx.com:vcu129:part0:1.0 available at /home/jesudara/.Xilinx/Vivado/2019.1/xhub/board_store/XilinxBoardStore/Vivado/2019.1/boards/Xilinx/vcu129/production/1.0/1.0/board.xml as part xcvu29p-fsga2577-2l-e specified in board_part file is either invalid or not available
WARNING: [Board 49-26] cannot add Board Part xilinx.com:vcu129:part0:1.0 available at /home/jesudara/.Xilinx/Vivado/2019.1/xhub/board_store/XilinxBoardStore/Vivado/2019.1/boards/Xilinx/vcu129/production/1.0/1.0/board.xml as part xcvu29p-fsga2577-2l-e specified in board_part file is either invalid or not available
WARNING: [Board 49-26] cannot add Board Part xilinx.com:vcu129:part0:1.0 available at /home/jesudara/.Xilinx/Vivado/2019.1/xhub/board_store/XilinxBoardStore/Vivado/2019.1/boards/Xilinx/vcu129/production/1.0/1.0/board.xml as part xcvu29p-fsga2577-2l-e specified in board_part file is either invalid or not available
WARNING: [Board 49-26] cannot add Board Part xilinx.com:vcu129:part0:1.0 available at /home/jesudara/.Xilinx/Vivado/2019.1/xhub/board_store/XilinxBoardStore/Vivado/2019.1/boards/Xilinx/vcu129/production/1.0/1.0/board.xml as part xcvu29p-fsga2577-2l-e specified in board_part file is either invalid or not available
create_project project_2 /home/jesudara/Desktop/FPGA_projects/Vivdao/project_2 -part xc7a35tcpg236-1
INFO: [IP_Flow 19-234] Refreshing IP repositories
INFO: [IP_Flow 19-1704] No user IP repositories specified
INFO: [IP_Flow 19-2313] Loaded Vivado IP repository '/tools/Xilinx/Vivado/2019.1/data/ip'.
create_project: Time (s): cpu = 00:00:13 ; elapsed = 00:00:05 . Memory (MB): peak = 6759.742 ; gain = 131.195 ; free physical = 1150 ; free virtual = 9562
set_property board_part digilentinc.com:basys3:part0:1.1 [current_project]
file mkdir /home/jesudara/Desktop/FPGA_projects/Vivdao/project_2/project_2.srcs/sources_1/new
close [ open /home/jesudara/Desktop/FPGA_projects/Vivdao/project_2/project_2.srcs/sources_1/new/mySWLED.v w ]
add_files /home/jesudara/Desktop/FPGA_projects/Vivdao/project_2/project_2.srcs/sources_1/new/mySWLED.v
update_compile_order -fileset sources_1
synth_design -rtl -name rtl_1
Command: synth_design -rtl -name rtl_1
Starting synth_design
Using part: xc7a35tcpg236-1
Top: mySWLED
INFO: [Device 21-403] Loading part xc7a35tcpg236-1
---------------------------------------------------------------------------------
Starting RTL Elaboration : Time (s): cpu = 00:00:04 ; elapsed = 00:00:04 . Memory (MB): peak = 7138.953 ; gain = 163.539 ; free physical = 778 ; free virtual = 9218
---------------------------------------------------------------------------------
INFO: [Synth 8-6157] synthesizing module 'mySWLED' [/home/jesudara/Desktop/FPGA_projects/Vivdao/project_2/project_2.srcs/sources_1/new/mySWLED.v:23]
INFO: [Synth 8-6155] done synthesizing module 'mySWLED' (1#1) [/home/jesudara/Desktop/FPGA_projects/Vivdao/project_2/project_2.srcs/sources_1/new/mySWLED.v:23]
---------------------------------------------------------------------------------
Finished RTL Elaboration : Time (s): cpu = 00:00:05 ; elapsed = 00:00:05 . Memory (MB): peak = 7180.703 ; gain = 205.289 ; free physical = 815 ; free virtual = 9257
---------------------------------------------------------------------------------

Report Check Netlist: 
+------+------------------+-------+---------+-------+------------------+
|      |Item              |Errors |Warnings |Status |Description       |
+------+------------------+-------+---------+-------+------------------+
|1     |multi_driven_nets |      0|        0|Passed |Multi driven nets |
+------+------------------+-------+---------+-------+------------------+
---------------------------------------------------------------------------------
Start Handling Custom Attributes
---------------------------------------------------------------------------------
---------------------------------------------------------------------------------
Finished Handling Custom Attributes : Time (s): cpu = 00:00:05 ; elapsed = 00:00:06 . Memory (MB): peak = 7186.641 ; gain = 211.227 ; free physical = 812 ; free virtual = 9254
---------------------------------------------------------------------------------
---------------------------------------------------------------------------------
Finished RTL Optimization Phase 1 : Time (s): cpu = 00:00:05 ; elapsed = 00:00:06 . Memory (MB): peak = 7186.641 ; gain = 211.227 ; free physical = 812 ; free virtual = 9254
---------------------------------------------------------------------------------
INFO: [Project 1-570] Preparing netlist for logic optimization

Processing XDC Constraints
Initializing timing engine
Completed Processing XDC Constraints

INFO: [Opt 31-138] Pushed 0 inverter(s) to 0 load pin(s).
Netlist sorting complete. Time (s): cpu = 00:00:00 ; elapsed = 00:00:00 . Memory (MB): peak = 7269.484 ; gain = 0.000 ; free physical = 710 ; free virtual = 9167
INFO: [Project 1-111] Unisim Transformation Summary:
No Unisim elements were transformed.

RTL Elaboration Complete:  : Time (s): cpu = 00:00:16 ; elapsed = 00:00:10 . Memory (MB): peak = 7378.246 ; gain = 402.832 ; free physical = 642 ; free virtual = 9106
6 Infos, 0 Warnings, 0 Critical Warnings and 0 Errors encountered.
synth_design completed successfully
synth_design: Time (s): cpu = 00:00:21 ; elapsed = 00:00:13 . Memory (MB): peak = 7378.246 ; gain = 542.387 ; free physical = 642 ; free virtual = 9105
file mkdir /home/jesudara/Desktop/FPGA_projects/Vivdao/project_2/project_2.srcs/sim_1/new
set_property SOURCE_SET sources_1 [get_filesets sim_1]
close [ open /home/jesudara/Desktop/FPGA_projects/Vivdao/project_2/project_2.srcs/sim_1/new/test_mySWLED.v w ]
add_files -fileset sim_1 /home/jesudara/Desktop/FPGA_projects/Vivdao/project_2/project_2.srcs/sim_1/new/test_mySWLED.v
update_compile_order -fileset sim_1
update_compile_order -fileset sim_1
launch_simulation
INFO: [Vivado 12-5682] Launching behavioral simulation in '/home/jesudara/Desktop/FPGA_projects/Vivdao/project_2/project_2.sim/sim_1/behav/xsim'
INFO: [SIM-utils-51] Simulation object is 'sim_1'
INFO: [SIM-utils-54] Inspecting design source files for 'test_mySWLED' in fileset 'sim_1'...
INFO: [USF-XSim-97] Finding global include files...
INFO: [USF-XSim-98] Fetching design files from 'sim_1'...
INFO: [USF-XSim-2] XSim::Compile design
INFO: [USF-XSim-61] Executing 'COMPILE and ANALYZE' step in '/home/jesudara/Desktop/FPGA_projects/Vivdao/project_2/project_2.sim/sim_1/behav/xsim'
xvlog --incr --relax -prj test_mySWLED_vlog.prj
INFO: [VRFC 10-2263] Analyzing Verilog file "/home/jesudara/Desktop/FPGA_projects/Vivdao/project_2/project_2.srcs/sources_1/new/mySWLED.v" into library xil_defaultlib
INFO: [VRFC 10-311] analyzing module mySWLED
INFO: [VRFC 10-2263] Analyzing Verilog file "/home/jesudara/Desktop/FPGA_projects/Vivdao/project_2/project_2.srcs/sim_1/new/test_mySWLED.v" into library xil_defaultlib
INFO: [VRFC 10-311] analyzing module test_mySWLED
INFO: [VRFC 10-2263] Analyzing Verilog file "/home/jesudara/Desktop/FPGA_projects/Vivdao/project_2/project_2.sim/sim_1/behav/xsim/glbl.v" into library xil_defaultlib
INFO: [VRFC 10-311] analyzing module glbl
INFO: [USF-XSim-69] 'compile' step finished in '1' seconds
INFO: [USF-XSim-3] XSim::Elaborate design
INFO: [USF-XSim-61] Executing 'ELABORATE' step in '/home/jesudara/Desktop/FPGA_projects/Vivdao/project_2/project_2.sim/sim_1/behav/xsim'
xelab -wto fb9a17487e5745caa03fcac576ae0e18 --incr --debug typical --relax --mt 8 -L xil_defaultlib -L unisims_ver -L unimacro_ver -L secureip --snapshot test_mySWLED_behav xil_defaultlib.test_mySWLED xil_defaultlib.glbl -log elaborate.log
Vivado Simulator 2019.1
Copyright 1986-1999, 2001-2019 Xilinx, Inc. All Rights Reserved.
Running: /tools/Xilinx/Vivado/2019.1/bin/unwrapped/lnx64.o/xelab -wto fb9a17487e5745caa03fcac576ae0e18 --incr --debug typical --relax --mt 8 -L xil_defaultlib -L unisims_ver -L unimacro_ver -L secureip --snapshot test_mySWLED_behav xil_defaultlib.test_mySWLED xil_defaultlib.glbl -log elaborate.log 
Using 8 slave threads.
Starting static elaboration
Completed static elaboration
Starting simulation data flow analysis
Completed simulation data flow analysis
Time Resolution for simulation is 1ps
Compiling module xil_defaultlib.mySWLED
Compiling module xil_defaultlib.test_mySWLED
Compiling module xil_defaultlib.glbl
Built simulation snapshot test_mySWLED_behav

****** Webtalk v2019.1 (64-bit)
  **** SW Build 2552052 on Fri May 24 14:47:09 MDT 2019
  **** IP Build 2548770 on Fri May 24 18:01:18 MDT 2019
    ** Copyright 1986-2019 Xilinx, Inc. All Rights Reserved.

source /home/jesudara/Desktop/FPGA_projects/Vivdao/project_2/project_2.sim/sim_1/behav/xsim/xsim.dir/test_mySWLED_behav/webtalk/xsim_webtalk.tcl -notrace
INFO: [Common 17-186] '/home/jesudara/Desktop/FPGA_projects/Vivdao/project_2/project_2.sim/sim_1/behav/xsim/xsim.dir/test_mySWLED_behav/webtalk/usage_statistics_ext_xsim.xml' has been successfully sent to Xilinx on Sat Aug 20 00:54:35 2022. For additional details about this file, please refer to the WebTalk help file at /tools/Xilinx/Vivado/2019.1/doc/webtalk_introduction.html.
INFO: [Common 17-206] Exiting Webtalk at Sat Aug 20 00:54:35 2022...
run_program: Time (s): cpu = 00:00:04 ; elapsed = 00:00:05 . Memory (MB): peak = 7396.258 ; gain = 0.000 ; free physical = 444 ; free virtual = 8979
INFO: [USF-XSim-69] 'elaborate' step finished in '6' seconds
INFO: [USF-XSim-4] XSim::Simulate design
INFO: [USF-XSim-61] Executing 'SIMULATE' step in '/home/jesudara/Desktop/FPGA_projects/Vivdao/project_2/project_2.sim/sim_1/behav/xsim'
INFO: [USF-XSim-98] *** Running xsim
   with args "test_mySWLED_behav -key {Behavioral:sim_1:Functional:test_mySWLED} -tclbatch {test_mySWLED.tcl} -log {simulate.log}"
INFO: [USF-XSim-8] Loading simulator feature
Vivado Simulator 2019.1
Time resolution is 1 ps
source test_mySWLED.tcl
# set curr_wave [current_wave_config]
# if { [string length $curr_wave] == 0 } {
#   if { [llength [get_objects]] > 0} {
#     add_wave /
#     set_property needs_save false [current_wave_config]
#   } else {
#      send_msg_id Add_Wave-1 WARNING "No top level signals found. Simulator will start without a wave window. If you want to open a wave window go to 'File->New Waveform Configuration' or type 'create_wave_config' in the TCL console."
#   }
# }
# run 1000ns
INFO: [USF-XSim-96] XSim completed. Design snapshot 'test_mySWLED_behav' loaded.
INFO: [USF-XSim-97] XSim simulation ran for 1000ns
launch_simulation: Time (s): cpu = 00:00:13 ; elapsed = 00:00:10 . Memory (MB): peak = 7521.094 ; gain = 124.836 ; free physical = 381 ; free virtual = 8927
launch_runs synth_1 -jobs 4
[Sat Aug 20 01:00:47 2022] Launched synth_1...
Run output will be captured here: /home/jesudara/Desktop/FPGA_projects/Vivdao/project_2/project_2.runs/synth_1/runme.log
open_run synth_1 -name synth_1
Design is defaulting to impl run constrset: constrs_1
Design is defaulting to synth run part: xc7a35tcpg236-1
INFO: [Project 1-479] Netlist was created with Vivado 2019.1
INFO: [Project 1-570] Preparing netlist for logic optimization
INFO: [Opt 31-138] Pushed 0 inverter(s) to 0 load pin(s).
Netlist sorting complete. Time (s): cpu = 00:00:00 ; elapsed = 00:00:00 . Memory (MB): peak = 7521.094 ; gain = 0.000 ; free physical = 885 ; free virtual = 8889
INFO: [Project 1-111] Unisim Transformation Summary:
No Unisim elements were transformed.

set_property IOSTANDARD LVCMOS33 [get_ports [list LED]]
set_property IOSTANDARD LVCMOS33 [get_ports [list SW]]
place_ports SW V17
place_ports LED L1
file mkdir /home/jesudara/Desktop/FPGA_projects/Vivdao/project_2/project_2.srcs/constrs_1/new
close [ open /home/jesudara/Desktop/FPGA_projects/Vivdao/project_2/project_2.srcs/constrs_1/new/swledconstraint.xdc w ]
add_files -fileset constrs_1 /home/jesudara/Desktop/FPGA_projects/Vivdao/project_2/project_2.srcs/constrs_1/new/swledconstraint.xdc
set_property target_constrs_file /home/jesudara/Desktop/FPGA_projects/Vivdao/project_2/project_2.srcs/constrs_1/new/swledconstraint.xdc [current_fileset -constrset]
save_constraints -force
reset_run synth_1
launch_runs synth_1 -jobs 4
[Sat Aug 20 01:12:22 2022] Launched synth_1...
Run output will be captured here: /home/jesudara/Desktop/FPGA_projects/Vivdao/project_2/project_2.runs/synth_1/runme.log
launch_runs impl_1 -jobs 4
WARNING: [Project 1-478] Design 'synth_1' is stale and will not be used when launching 'impl_1'
[Sat Aug 20 01:13:22 2022] Launched impl_1...
Run output will be captured here: /home/jesudara/Desktop/FPGA_projects/Vivdao/project_2/project_2.runs/impl_1/runme.log
refresh_design
INFO: [Project 1-479] Netlist was created with Vivado 2019.1
INFO: [Project 1-570] Preparing netlist for logic optimization
Parsing XDC File [/home/jesudara/Desktop/FPGA_projects/Vivdao/project_2/project_2.srcs/constrs_1/new/swledconstraint.xdc]
Finished Parsing XDC File [/home/jesudara/Desktop/FPGA_projects/Vivdao/project_2/project_2.srcs/constrs_1/new/swledconstraint.xdc]
INFO: [Opt 31-138] Pushed 0 inverter(s) to 0 load pin(s).
open_run impl_1
INFO: [Project 1-479] Netlist was created with Vivado 2019.1
INFO: [Project 1-570] Preparing netlist for logic optimization
INFO: [Timing 38-478] Restoring timing data from binary archive.
INFO: [Timing 38-479] Binary timing data restore complete.
INFO: [Project 1-856] Restoring constraints from binary archive.
INFO: [Project 1-853] Binary constraint restore complete.
Reading XDEF placement.
Reading placer database...
Reading XDEF routing.
Read XDEF File: Time (s): cpu = 00:00:00.01 ; elapsed = 00:00:00.01 . Memory (MB): peak = 8077.516 ; gain = 0.000 ; free physical = 1488 ; free virtual = 8226
Restored from archive | CPU: 0.010000 secs | Memory: 0.016960 MB |
Finished XDEF File Restore: Time (s): cpu = 00:00:00.01 ; elapsed = 00:00:00.01 . Memory (MB): peak = 8077.516 ; gain = 0.000 ; free physical = 1488 ; free virtual = 8226
Netlist sorting complete. Time (s): cpu = 00:00:00 ; elapsed = 00:00:00 . Memory (MB): peak = 8077.516 ; gain = 0.000 ; free physical = 1489 ; free virtual = 8227
INFO: [Project 1-111] Unisim Transformation Summary:
No Unisim elements were transformed.

WARNING: [Timing 38-313] There are no user specified timing constraints. Timing constraints are needed for proper timing analysis.
launch_runs impl_1 -to_step write_bitstream -jobs 4
[Sat Aug 20 01:16:03 2022] Launched impl_1...
Run output will be captured here: /home/jesudara/Desktop/FPGA_projects/Vivdao/project_2/project_2.runs/impl_1/runme.log
open_hw
connect_hw_server
INFO: [Labtools 27-2285] Connecting to hw_server url TCP:localhost:3121
INFO: [Labtools 27-2222] Launching hw_server...
INFO: [Labtools 27-2221] Launch Output:

****** Xilinx hw_server v2019.1
  **** Build date : May 24 2019 at 15:06:40
    ** Copyright 1986-2019 Xilinx, Inc. All Rights Reserved.


open_hw_target
INFO: [Labtoolstcl 44-466] Opening hw_target localhost:3121/xilinx_tcf/Digilent/210183B5A0A3A
set_property PROGRAM.FILE {/home/jesudara/Desktop/FPGA_projects/Vivdao/project_2/project_2.runs/impl_1/mySWLED.bit} [get_hw_devices xc7a35t_0]
current_hw_device [get_hw_devices xc7a35t_0]
refresh_hw_device -update_hw_probes false [lindex [get_hw_devices xc7a35t_0] 0]
INFO: [Labtools 27-1435] Device xc7a35t (JTAG device index = 0) is not programmed (DONE status = 0).
set_property PROBES.FILE {} [get_hw_devices xc7a35t_0]
set_property FULL_PROBES.FILE {} [get_hw_devices xc7a35t_0]
set_property PROGRAM.FILE {/home/jesudara/Desktop/FPGA_projects/Vivdao/project_2/project_2.runs/impl_1/mySWLED.bit} [get_hw_devices xc7a35t_0]
program_hw_devices [get_hw_devices xc7a35t_0]
INFO: [Labtools 27-3164] End of startup status: HIGH
refresh_hw_device [lindex [get_hw_devices xc7a35t_0] 0]
INFO: [Labtools 27-1434] Device xc7a35t (JTAG device index = 0) is programmed with a design that has no supported debug core(s) in it.
reset_run synth_1
launch_runs impl_1 -to_step write_bitstream -jobs 4
WARNING: [Project 1-478] Design 'synth_1' is stale and will not be used when launching 'impl_1'
[Sat Aug 20 01:21:31 2022] Launched synth_1...
Run output will be captured here: /home/jesudara/Desktop/FPGA_projects/Vivdao/project_2/project_2.runs/synth_1/runme.log
[Sat Aug 20 01:21:31 2022] Launched impl_1...
Run output will be captured here: /home/jesudara/Desktop/FPGA_projects/Vivdao/project_2/project_2.runs/impl_1/runme.log
close_hw
open_hw
connect_hw_server
INFO: [Labtools 27-2285] Connecting to hw_server url TCP:localhost:3121
open_hw_target
INFO: [Labtoolstcl 44-466] Opening hw_target localhost:3121/xilinx_tcf/Digilent/210183B5A0A3A
set_property PROGRAM.FILE {/home/jesudara/Desktop/FPGA_projects/Vivdao/project_2/project_2.runs/impl_1/mySWLED.bit} [get_hw_devices xc7a35t_0]
current_hw_device [get_hw_devices xc7a35t_0]
refresh_hw_device -update_hw_probes false [lindex [get_hw_devices xc7a35t_0] 0]
INFO: [Labtools 27-1434] Device xc7a35t (JTAG device index = 0) is programmed with a design that has no supported debug core(s) in it.
set_property PROBES.FILE {} [get_hw_devices xc7a35t_0]
set_property FULL_PROBES.FILE {} [get_hw_devices xc7a35t_0]
set_property PROGRAM.FILE {/home/jesudara/Desktop/FPGA_projects/Vivdao/project_2/project_2.runs/impl_1/mySWLED.bit} [get_hw_devices xc7a35t_0]
program_hw_devices [get_hw_devices xc7a35t_0]
INFO: [Labtools 27-3164] End of startup status: HIGH
refresh_hw_device [lindex [get_hw_devices xc7a35t_0] 0]
INFO: [Labtools 27-1434] Device xc7a35t (JTAG device index = 0) is programmed with a design that has no supported debug core(s) in it.
close_hw
refresh_design
INFO: [Project 1-479] Netlist was created with Vivado 2019.1
INFO: [Project 1-570] Preparing netlist for logic optimization
INFO: [Timing 38-478] Restoring timing data from binary archive.
INFO: [Timing 38-479] Binary timing data restore complete.
INFO: [Project 1-856] Restoring constraints from binary archive.
INFO: [Project 1-853] Binary constraint restore complete.
Reading XDEF placement.
Reading placer database...
Reading XDEF routing.
Read XDEF File: Time (s): cpu = 00:00:00.01 ; elapsed = 00:00:00.01 . Memory (MB): peak = 9196.320 ; gain = 0.000 ; free physical = 1525 ; free virtual = 7154
Restored from archive | CPU: 0.010000 secs | Memory: 0.016655 MB |
Finished XDEF File Restore: Time (s): cpu = 00:00:00.01 ; elapsed = 00:00:00.01 . Memory (MB): peak = 9196.320 ; gain = 0.000 ; free physical = 1525 ; free virtual = 7154
WARNING: [Timing 38-313] There are no user specified timing constraints. Timing constraints are needed for proper timing analysis.
close_sim
INFO: [Simtcl 6-16] Simulation closed
exit
INFO: [Common 17-206] Exiting Vivado at Sat Aug 20 01:40:37 2022...
